0 info it worked if it ends with ok
1 verbose cli [ 'D:\\software\\nodejs\\\\node.exe',
1 verbose cli   'D:\\software\\nodejs\\node_modules\\npm\\bin\\npm-cli.js',
1 verbose cli   'install',
1 verbose cli   '-g',
1 verbose cli   'n' ]
2 info using npm@1.4.28
3 info using node@v0.10.33
4 verbose node symlink D:\software\nodejs\\node.exe
5 verbose cache add [ 'n', null ]
6 verbose cache add name=undefined spec="n" args=["n",null]
7 verbose parsed url { protocol: null,
7 verbose parsed url   slashes: null,
7 verbose parsed url   auth: null,
7 verbose parsed url   host: null,
7 verbose parsed url   port: null,
7 verbose parsed url   hostname: null,
7 verbose parsed url   hash: null,
7 verbose parsed url   search: null,
7 verbose parsed url   query: null,
7 verbose parsed url   pathname: 'n',
7 verbose parsed url   path: 'n',
7 verbose parsed url   href: 'n' }
8 silly lockFile d1854cae-n n
9 verbose lock n C:\Users\gbs03834\AppData\Roaming\npm-cache\d1854cae-n.lock
10 silly lockFile d1854cae-n n
11 silly lockFile d1854cae-n n
12 verbose addNamed [ 'n', '' ]
13 verbose addNamed [ null, '*' ]
14 silly lockFile 6b58d7dc-n n@
15 verbose lock n@ C:\Users\gbs03834\AppData\Roaming\npm-cache\6b58d7dc-n.lock
16 silly addNameRange { name: 'n', range: '*', hasData: false }
17 verbose request where is /n
18 verbose request registry http://registry.npmjs.org/
19 verbose request id a30d31cec895f56e
20 verbose url raw /n
21 verbose url resolving [ 'http://registry.npmjs.org/', './n' ]
22 verbose url resolved http://registry.npmjs.org/n
23 verbose request where is http://registry.npmjs.org/n
24 info trying registry request attempt 1 at 16:10:51
25 verbose etag "1907I3F0DN6IQP91EEO7NT5RN"
26 http GET http://registry.npmjs.org/n
27 http 200 http://registry.npmjs.org/n
28 silly registry.get cb [ 200,
28 silly registry.get   { server: 'CouchDB/1.5.0 (Erlang OTP/R16B03)',
28 silly registry.get     etag: '"1907I3F0DN6IQP91EEO7NT5RN"',
28 silly registry.get     'content-type': 'application/json',
28 silly registry.get     'cache-control': 'max-age=300',
28 silly registry.get     'content-length': '55847',
28 silly registry.get     'accept-ranges': 'bytes',
28 silly registry.get     date: 'Wed, 10 Feb 2016 10:40:52 GMT',
28 silly registry.get     via: '1.1 varnish',
28 silly registry.get     'x-served-by': 'cache-fra1238-FRA',
28 silly registry.get     'x-cache': 'HIT',
28 silly registry.get     'x-cache-hits': '1',
28 silly registry.get     'x-timer': 'S1455100852.306706,VS0,VE0',
28 silly registry.get     vary: 'Accept',
28 silly registry.get     connection: 'Keep-Alive',
28 silly registry.get     age: '23' } ]
29 silly addNameRange number 2 { name: 'n', range: '*', hasData: true }
30 silly addNameRange versions [ 'n',
30 silly addNameRange   [ '0.0.1',
30 silly addNameRange     '0.0.2',
30 silly addNameRange     '0.0.3',
30 silly addNameRange     '0.0.4',
30 silly addNameRange     '0.1.0',
30 silly addNameRange     '0.1.1',
30 silly addNameRange     '0.1.2',
30 silly addNameRange     '0.2.0',
30 silly addNameRange     '0.2.1',
30 silly addNameRange     '0.2.2',
30 silly addNameRange     '0.3.0',
30 silly addNameRange     '0.4.0',
30 silly addNameRange     '0.4.1',
30 silly addNameRange     '0.4.2',
30 silly addNameRange     '0.5.0',
30 silly addNameRange     '0.5.1',
30 silly addNameRange     '0.5.2',
30 silly addNameRange     '0.5.3',
30 silly addNameRange     '0.5.4',
30 silly addNameRange     '0.6.0',
30 silly addNameRange     '0.6.1',
30 silly addNameRange     '0.7.0',
30 silly addNameRange     '0.7.1',
30 silly addNameRange     '0.7.2',
30 silly addNameRange     '0.7.3',
30 silly addNameRange     '0.8.0',
30 silly addNameRange     '0.8.1',
30 silly addNameRange     '0.8.2',
30 silly addNameRange     '0.9.0',
30 silly addNameRange     '0.9.1',
30 silly addNameRange     '0.9.2',
30 silly addNameRange     '0.9.3',
30 silly addNameRange     '1.0.0',
30 silly addNameRange     '1.1.0',
30 silly addNameRange     '1.2.1',
30 silly addNameRange     '1.2.2',
30 silly addNameRange     '1.2.3',
30 silly addNameRange     '1.2.4',
30 silly addNameRange     '1.2.5',
30 silly addNameRange     '1.2.6',
30 silly addNameRange     '1.2.7',
30 silly addNameRange     '1.2.8',
30 silly addNameRange     '1.2.9',
30 silly addNameRange     '1.2.11',
30 silly addNameRange     '1.2.13',
30 silly addNameRange     '1.2.14',
30 silly addNameRange     '1.3.0',
30 silly addNameRange     '1.4.0',
30 silly addNameRange     '2.0.0',
30 silly addNameRange     '1.4.1',
30 silly addNameRange     '2.0.1',
30 silly addNameRange     '1.4.2',
30 silly addNameRange     '2.0.2',
30 silly addNameRange     '2.1.0' ] ]
31 verbose addNamed [ 'n', '2.1.0' ]
32 verbose addNamed [ '2.1.0', '2.1.0' ]
33 silly lockFile 0a8123fc-n-2-1-0 n@2.1.0
34 verbose lock n@2.1.0 C:\Users\gbs03834\AppData\Roaming\npm-cache\0a8123fc-n-2-1-0.lock
35 silly lockFile 0a8123fc-n-2-1-0 n@2.1.0
36 silly lockFile 0a8123fc-n-2-1-0 n@2.1.0
37 silly lockFile 6b58d7dc-n n@
38 silly lockFile 6b58d7dc-n n@
39 silly resolved [ { name: 'n',
39 silly resolved     description: 'Interactively Manage All Your Node Versions',
39 silly resolved     version: '2.1.0',
39 silly resolved     author: { name: 'TJ Holowaychuk', email: 'tj@vision-media.ca' },
39 silly resolved     homepage: 'https://github.com/tj/n',
39 silly resolved     bugs: { url: 'https://github.com/tj/n/issues' },
39 silly resolved     contributors: [ [Object], [Object], [Object] ],
39 silly resolved     keywords:
39 silly resolved      [ 'nvm',
39 silly resolved        'node',
39 silly resolved        'version',
39 silly resolved        'manager',
39 silly resolved        'switcher',
39 silly resolved        'node',
39 silly resolved        'binary',
39 silly resolved        'env' ],
39 silly resolved     bin: { n: './bin/n' },
39 silly resolved     repository: { type: 'git', url: 'git://github.com/tj/n.git' },
39 silly resolved     preferGlobal: true,
39 silly resolved     os: [ '!win32' ],
39 silly resolved     engines: { node: '*' },
39 silly resolved     license: 'MIT',
39 silly resolved     gitHead: '17ef0bf936c9ddb57b174d79f81ae04d8257883e',
39 silly resolved     _id: 'n@2.1.0',
39 silly resolved     scripts: {},
39 silly resolved     _shasum: '4fc736dc18291e464c79fda9ef8faf21e6e1a679',
39 silly resolved     _from: 'n@',
39 silly resolved     _npmVersion: '3.3.12',
39 silly resolved     _nodeVersion: '5.3.0',
39 silly resolved     _npmUser: { name: 'qw3rtman', email: 'me@nimit.io' },
39 silly resolved     dist:
39 silly resolved      { shasum: '4fc736dc18291e464c79fda9ef8faf21e6e1a679',
39 silly resolved        tarball: 'http://registry.npmjs.org/n/-/n-2.1.0.tgz' },
39 silly resolved     maintainers: [ [Object], [Object], [Object], [Object], [Object], [Object] ],
39 silly resolved     directories: {},
39 silly resolved     _resolved: 'http://registry.npmjs.org/n/-/n-2.1.0.tgz',
39 silly resolved     readme: 'ERROR: No README data found!' } ]
40 info install n@2.1.0 into C:\Users\gbs03834\AppData\Roaming\npm
41 info installOne n@2.1.0
42 error notsup Unsupported
42 error notsup Not compatible with your operating system or architecture: n@2.1.0
42 error notsup Valid OS:    !win32
42 error notsup Valid Arch:  any
42 error notsup Actual OS:   win32
42 error notsup Actual Arch: ia32
43 error System Windows_NT 6.1.7601
44 error command "D:\\software\\nodejs\\\\node.exe" "D:\\software\\nodejs\\node_modules\\npm\\bin\\npm-cli.js" "install" "-g" "n"
45 error cwd D:\software\nodejs\acoldashboard
46 error node -v v0.10.33
47 error npm -v 1.4.28
48 error code EBADPLATFORM
49 verbose exit [ 1, true ]
