0 info it worked if it ends with ok
1 verbose cli [ 'C:\\Program Files\\NodeJs\\node.exe',
1 verbose cli   'C:\\Program Files\\NodeJs\\node_modules\\npm\\bin\\npm-cli.js',
1 verbose cli   'install',
1 verbose cli   'grunt-contrib-connect',
1 verbose cli   '--save' ]
2 info using npm@3.6.0
3 info using node@v5.7.1
4 silly loadCurrentTree Starting
5 silly install loadCurrentTree
6 silly install readLocalPackageData
7 silly fetchPackageMetaData grunt-contrib-connect@*
8 silly fetchNamedPackageData grunt-contrib-connect
9 silly mapToRegistry name grunt-contrib-connect
10 silly mapToRegistry using default registry
11 silly mapToRegistry registry http://registry.npmjs.org/
12 silly mapToRegistry uri http://registry.npmjs.org/grunt-contrib-connect
13 verbose request uri http://registry.npmjs.org/grunt-contrib-connect
14 verbose request no auth needed
15 info attempt registry request try #1 at 6:21:33 PM
16 verbose request id 0cbe11a79e092924
17 verbose etag "7PC8W13UEJFMXFJ2O5JB7J817"
18 http request GET http://registry.npmjs.org/grunt-contrib-connect
19 http 200 http://registry.npmjs.org/grunt-contrib-connect
20 verbose headers { server: 'CouchDB/1.5.0 (Erlang OTP/R16B03)',
20 verbose headers   etag: '"7PC8W13UEJFMXFJ2O5JB7J817"',
20 verbose headers   'content-type': 'application/json',
20 verbose headers   'cache-control': 'max-age=300',
20 verbose headers   'content-length': '56273',
20 verbose headers   'accept-ranges': 'bytes',
20 verbose headers   date: 'Mon, 07 Mar 2016 12:51:33 GMT',
20 verbose headers   via: '1.1 varnish',
20 verbose headers   'x-served-by': 'cache-fra1244-FRA',
20 verbose headers   'x-cache': 'HIT',
20 verbose headers   'x-cache-hits': '2',
20 verbose headers   'x-timer': 'S1457355093.632670,VS0,VE0',
20 verbose headers   vary: 'Accept',
20 verbose headers   connection: 'Keep-Alive',
20 verbose headers   age: '91' }
21 silly get cb [ 200,
21 silly get   { server: 'CouchDB/1.5.0 (Erlang OTP/R16B03)',
21 silly get     etag: '"7PC8W13UEJFMXFJ2O5JB7J817"',
21 silly get     'content-type': 'application/json',
21 silly get     'cache-control': 'max-age=300',
21 silly get     'content-length': '56273',
21 silly get     'accept-ranges': 'bytes',
21 silly get     date: 'Mon, 07 Mar 2016 12:51:33 GMT',
21 silly get     via: '1.1 varnish',
21 silly get     'x-served-by': 'cache-fra1244-FRA',
21 silly get     'x-cache': 'HIT',
21 silly get     'x-cache-hits': '2',
21 silly get     'x-timer': 'S1457355093.632670,VS0,VE0',
21 silly get     vary: 'Accept',
21 silly get     connection: 'Keep-Alive',
21 silly get     age: '91' } ]
22 verbose get saving grunt-contrib-connect to C:\Users\gbs03834\AppData\Roaming\npm-cache\registry.npmjs.org\grunt-contrib-connect\.cache.json
23 verbose correctMkdir C:\Users\gbs03834\AppData\Roaming\npm-cache correctMkdir not in flight; initializing
24 silly install normalizeTree
25 silly loadCurrentTree Finishing
26 silly loadIdealTree Starting
27 silly install loadIdealTree
28 silly cloneCurrentTree Starting
29 silly install cloneCurrentTreeToIdealTree
30 silly cloneCurrentTree Finishing
31 silly loadShrinkwrap Starting
32 silly install loadShrinkwrap
33 silly loadShrinkwrap Finishing
34 silly loadAllDepsIntoIdealTree Starting
35 silly install loadAllDepsIntoIdealTree
36 silly resolveWithNewModule grunt-contrib-connect@1.0.0 checking installable status
37 silly cache add args [ 'grunt-contrib-connect@*', null ]
38 verbose cache add spec grunt-contrib-connect@*
39 silly cache add parsed spec Result {
39 silly cache add   raw: 'grunt-contrib-connect@*',
39 silly cache add   scope: null,
39 silly cache add   name: 'grunt-contrib-connect',
39 silly cache add   rawSpec: '*',
39 silly cache add   spec: '*',
39 silly cache add   type: 'range' }
40 silly addNamed grunt-contrib-connect@*
41 verbose addNamed "*" is a valid semver range for grunt-contrib-connect
42 silly addNameRange { name: 'grunt-contrib-connect', range: '*', hasData: false }
43 silly mapToRegistry name grunt-contrib-connect
44 silly mapToRegistry using default registry
45 silly mapToRegistry registry http://registry.npmjs.org/
46 silly mapToRegistry uri http://registry.npmjs.org/grunt-contrib-connect
47 verbose addNameRange registry:http://registry.npmjs.org/grunt-contrib-connect not in flight; fetching
48 verbose get http://registry.npmjs.org/grunt-contrib-connect not expired, no request
49 silly addNameRange number 2 { name: 'grunt-contrib-connect', range: '*', hasData: true }
50 silly addNameRange versions [ 'grunt-contrib-connect',
50 silly addNameRange   [ '0.1.0',
50 silly addNameRange     '0.1.1',
50 silly addNameRange     '0.1.2',
50 silly addNameRange     '0.2.0',
50 silly addNameRange     '0.3.0',
50 silly addNameRange     '0.4.0',
50 silly addNameRange     '0.4.1',
50 silly addNameRange     '0.4.2',
50 silly addNameRange     '0.5.0',
50 silly addNameRange     '0.6.0',
50 silly addNameRange     '0.7.0',
50 silly addNameRange     '0.7.1',
50 silly addNameRange     '0.8.0',
50 silly addNameRange     '0.9.0',
50 silly addNameRange     '0.10.0',
50 silly addNameRange     '0.10.1',
50 silly addNameRange     '0.11.0',
50 silly addNameRange     '0.11.1',
50 silly addNameRange     '0.11.2',
50 silly addNameRange     '1.0.0',
50 silly addNameRange     '0.1.1-rc6' ] ]
51 silly addNamed grunt-contrib-connect@1.0.0
52 verbose addNamed "1.0.0" is a plain semver version for grunt-contrib-connect
53 silly cache afterAdd grunt-contrib-connect@1.0.0
54 verbose afterAdd C:\Users\gbs03834\AppData\Roaming\npm-cache\grunt-contrib-connect\1.0.0\package\package.json not in flight; writing
55 verbose correctMkdir C:\Users\gbs03834\AppData\Roaming\npm-cache correctMkdir not in flight; initializing
56 verbose afterAdd C:\Users\gbs03834\AppData\Roaming\npm-cache\grunt-contrib-connect\1.0.0\package\package.json written
57 silly fetchNamedPackageData async
58 silly mapToRegistry name async
59 silly mapToRegistry using default registry
60 silly mapToRegistry registry http://registry.npmjs.org/
61 silly mapToRegistry uri http://registry.npmjs.org/async
62 silly fetchNamedPackageData connect
63 silly mapToRegistry name connect
64 silly mapToRegistry using default registry
65 silly mapToRegistry registry http://registry.npmjs.org/
66 silly mapToRegistry uri http://registry.npmjs.org/connect
67 silly fetchNamedPackageData morgan
68 silly mapToRegistry name morgan
69 silly mapToRegistry using default registry
70 silly mapToRegistry registry http://registry.npmjs.org/
71 silly mapToRegistry uri http://registry.npmjs.org/morgan
72 silly fetchNamedPackageData opn
73 silly mapToRegistry name opn
74 silly mapToRegistry using default registry
75 silly mapToRegistry registry http://registry.npmjs.org/
76 silly mapToRegistry uri http://registry.npmjs.org/opn
77 silly fetchNamedPackageData portscanner
78 silly mapToRegistry name portscanner
79 silly mapToRegistry using default registry
80 silly mapToRegistry registry http://registry.npmjs.org/
81 silly mapToRegistry uri http://registry.npmjs.org/portscanner
82 silly fetchNamedPackageData serve-index
83 silly mapToRegistry name serve-index
84 silly mapToRegistry using default registry
85 silly mapToRegistry registry http://registry.npmjs.org/
86 silly mapToRegistry uri http://registry.npmjs.org/serve-index
87 silly fetchNamedPackageData serve-static
88 silly mapToRegistry name serve-static
89 silly mapToRegistry using default registry
90 silly mapToRegistry registry http://registry.npmjs.org/
91 silly mapToRegistry uri http://registry.npmjs.org/serve-static
92 silly fetchOtherPackageData http2@git://github.com/gruntjs/node-http2.git#fix-return-value
93 silly cache add args [ 'http2@git://github.com/gruntjs/node-http2.git#fix-return-value',
93 silly cache add   null ]
94 verbose cache add spec http2@git://github.com/gruntjs/node-http2.git#fix-return-value
95 silly cache add parsed spec Result {
95 silly cache add   raw: 'http2@git://github.com/gruntjs/node-http2.git#fix-return-value',
95 silly cache add   scope: null,
95 silly cache add   name: 'http2',
95 silly cache add   rawSpec: 'git://github.com/gruntjs/node-http2.git#fix-return-value',
95 silly cache add   spec: 'git://github.com/gruntjs/node-http2.git#fix-return-value',
95 silly cache add   type: 'hosted',
95 silly cache add   hosted:
95 silly cache add    { type: 'github',
95 silly cache add      ssh: 'git@github.com:gruntjs/node-http2.git#fix-return-value',
95 silly cache add      sshUrl: 'git+ssh://git@github.com/gruntjs/node-http2.git#fix-return-value',
95 silly cache add      httpsUrl: 'git+https://github.com/gruntjs/node-http2.git#fix-return-value',
95 silly cache add      gitUrl: 'git://github.com/gruntjs/node-http2.git#fix-return-value',
95 silly cache add      shortcut: 'github:gruntjs/node-http2#fix-return-value',
95 silly cache add      directUrl: 'https://raw.githubusercontent.com/gruntjs/node-http2/fix-return-value/package.json' } }
96 verbose addRemoteGit caching git://github.com/gruntjs/node-http2.git#fix-return-value
97 verbose addRemoteGit git://github.com/gruntjs/node-http2.git#fix-return-value is a repository hosted by github
98 silly tryClone cloning git://github.com/gruntjs/node-http2.git#fix-return-value via git://github.com/gruntjs/node-http2.git#fix-return-value
99 verbose tryClone git-github-com-gruntjs-node-http2-git-fix-return-value-d03c7931 not in flight; caching
100 verbose correctMkdir C:\Users\gbs03834\AppData\Roaming\npm-cache\_git-remotes correctMkdir not in flight; initializing
101 verbose request uri http://registry.npmjs.org/portscanner
102 verbose request no auth needed
103 info attempt registry request try #1 at 6:21:36 PM
104 verbose etag "6P3CUGH16PK060G4EIEVJLEVF"
105 http request GET http://registry.npmjs.org/portscanner
106 verbose request uri http://registry.npmjs.org/opn
107 verbose request no auth needed
108 info attempt registry request try #1 at 6:21:36 PM
109 verbose etag "7GDSYUC1I05ZBEWQT8DPDKNTI"
110 http request GET http://registry.npmjs.org/opn
111 verbose request uri http://registry.npmjs.org/morgan
112 verbose request no auth needed
113 info attempt registry request try #1 at 6:21:36 PM
114 verbose etag "1X44FU12DWOEZDFCTOT690TUZ"
115 http request GET http://registry.npmjs.org/morgan
116 verbose request uri http://registry.npmjs.org/async
117 verbose request no auth needed
118 info attempt registry request try #1 at 6:21:36 PM
119 verbose etag "CZOZO8IXDC5VVIA5WE3XC841N"
120 http request GET http://registry.npmjs.org/async
121 verbose request uri http://registry.npmjs.org/serve-index
122 verbose request no auth needed
123 info attempt registry request try #1 at 6:21:36 PM
124 verbose etag "6SW6GDY9162HNM4VCG00EZ1I5"
125 http request GET http://registry.npmjs.org/serve-index
126 verbose request uri http://registry.npmjs.org/serve-static
127 verbose request no auth needed
128 info attempt registry request try #1 at 6:21:36 PM
129 verbose etag "6XGW5B9U6BX4MATCGJBKF00S"
130 http request GET http://registry.npmjs.org/serve-static
131 verbose request uri http://registry.npmjs.org/connect
132 verbose request no auth needed
133 info attempt registry request try #1 at 6:21:36 PM
134 verbose etag "9U3MOXDFPCQ6320D3H8NAC6WX"
135 http request GET http://registry.npmjs.org/connect
136 warn addRemoteGit Error: not found: git
136 warn addRemoteGit     at F (C:\Program Files\NodeJs\node_modules\npm\node_modules\which\which.js:78:19)
136 warn addRemoteGit     at E (C:\Program Files\NodeJs\node_modules\npm\node_modules\which\which.js:87:29)
136 warn addRemoteGit     at C:\Program Files\NodeJs\node_modules\npm\node_modules\which\which.js:98:16
136 warn addRemoteGit     at FSReqWrap.oncomplete (fs.js:82:15)
136 warn addRemoteGit  git://github.com/gruntjs/node-http2.git#fix-return-value resetting remote C:\Users\gbs03834\AppData\Roaming\npm-cache\_git-remotes\git-github-com-gruntjs-node-http2-git-fix-return-value-d03c7931 because of error: { [Error: not found: git] code: 'ENOGIT' }
137 info resetRemote resetting C:\Users\gbs03834\AppData\Roaming\npm-cache\_git-remotes\git-github-com-gruntjs-node-http2-git-fix-return-value-d03c7931 for git://github.com/gruntjs/node-http2.git#fix-return-value
138 silly gentlyRm C:\Users\gbs03834\AppData\Roaming\npm-cache\_git-remotes\git-github-com-gruntjs-node-http2-git-fix-return-value-d03c7931 is being purged
139 verbose gentlyRm don't care about contents; nuking C:\Users\gbs03834\AppData\Roaming\npm-cache\_git-remotes\git-github-com-gruntjs-node-http2-git-fix-return-value-d03c7931
140 silly vacuum-fs purging C:\Users\gbs03834\AppData\Roaming\npm-cache\_git-remotes\git-github-com-gruntjs-node-http2-git-fix-return-value-d03c7931
141 silly vacuum-fs quitting because other entries in C:\Users\gbs03834\AppData\Roaming\npm-cache\_git-remotes
142 error git clone --template=C:\Users\gbs03834\AppData\Roaming\npm-cache\_git-remotes\_templates --mirror git://github.com/gruntjs/node-http2.git C:\Users\gbs03834\AppData\Roaming\npm-cache\_git-remotes\git-github-com-gruntjs-node-http2-git-fix-return-value-d03c7931: undefined
142 error git clone --template=C:\Users\gbs03834\AppData\Roaming\npm-cache\_git-remotes\_templates --mirror git://github.com/gruntjs/node-http2.git C:\Users\gbs03834\AppData\Roaming\npm-cache\_git-remotes\git-github-com-gruntjs-node-http2-git-fix-return-value-d03c7931: undefined
143 silly fetchPackageMetaData Error: not found: git
143 silly fetchPackageMetaData     at F (C:\Program Files\NodeJs\node_modules\npm\node_modules\which\which.js:78:19)
143 silly fetchPackageMetaData     at E (C:\Program Files\NodeJs\node_modules\npm\node_modules\which\which.js:87:29)
143 silly fetchPackageMetaData     at C:\Program Files\NodeJs\node_modules\npm\node_modules\which\which.js:98:16
143 silly fetchPackageMetaData     at FSReqWrap.oncomplete (fs.js:82:15)
143 silly fetchPackageMetaData  error for http2@git://github.com/gruntjs/node-http2.git#fix-return-value { [Error: not found: git] code: 'ENOGIT' }
144 http 200 http://registry.npmjs.org/opn
145 verbose headers { server: 'CouchDB/1.5.0 (Erlang OTP/R16B03)',
145 verbose headers   etag: '"7GDSYUC1I05ZBEWQT8DPDKNTI"',
145 verbose headers   'content-type': 'application/json',
145 verbose headers   'cache-control': 'max-age=300',
145 verbose headers   'content-length': '21294',
145 verbose headers   'accept-ranges': 'bytes',
145 verbose headers   date: 'Mon, 07 Mar 2016 12:51:37 GMT',
145 verbose headers   via: '1.1 varnish',
145 verbose headers   'x-served-by': 'cache-fra1244-FRA',
145 verbose headers   'x-cache': 'HIT',
145 verbose headers   'x-cache-hits': '1632',
145 verbose headers   'x-timer': 'S1457355097.208945,VS0,VE0',
145 verbose headers   vary: 'Accept',
145 verbose headers   connection: 'Keep-Alive',
145 verbose headers   age: '224' }
146 silly get cb [ 200,
146 silly get   { server: 'CouchDB/1.5.0 (Erlang OTP/R16B03)',
146 silly get     etag: '"7GDSYUC1I05ZBEWQT8DPDKNTI"',
146 silly get     'content-type': 'application/json',
146 silly get     'cache-control': 'max-age=300',
146 silly get     'content-length': '21294',
146 silly get     'accept-ranges': 'bytes',
146 silly get     date: 'Mon, 07 Mar 2016 12:51:37 GMT',
146 silly get     via: '1.1 varnish',
146 silly get     'x-served-by': 'cache-fra1244-FRA',
146 silly get     'x-cache': 'HIT',
146 silly get     'x-cache-hits': '1632',
146 silly get     'x-timer': 'S1457355097.208945,VS0,VE0',
146 silly get     vary: 'Accept',
146 silly get     connection: 'Keep-Alive',
146 silly get     age: '224' } ]
147 verbose get saving opn to C:\Users\gbs03834\AppData\Roaming\npm-cache\registry.npmjs.org\opn\.cache.json
148 verbose correctMkdir C:\Users\gbs03834\AppData\Roaming\npm-cache correctMkdir not in flight; initializing
149 http 200 http://registry.npmjs.org/portscanner
150 verbose headers { server: 'CouchDB/1.5.0 (Erlang OTP/R16B03)',
150 verbose headers   etag: '"6P3CUGH16PK060G4EIEVJLEVF"',
150 verbose headers   'content-type': 'application/json',
150 verbose headers   'cache-control': 'max-age=300',
150 verbose headers   'content-length': '12393',
150 verbose headers   'accept-ranges': 'bytes',
150 verbose headers   date: 'Mon, 07 Mar 2016 12:51:36 GMT',
150 verbose headers   via: '1.1 varnish',
150 verbose headers   'x-served-by': 'cache-fra1244-FRA',
150 verbose headers   'x-cache': 'HIT',
150 verbose headers   'x-cache-hits': '1',
150 verbose headers   'x-timer': 'S1457355096.992886,VS0,VE0',
150 verbose headers   vary: 'Accept',
150 verbose headers   connection: 'Keep-Alive',
150 verbose headers   age: '8' }
151 silly get cb [ 200,
151 silly get   { server: 'CouchDB/1.5.0 (Erlang OTP/R16B03)',
151 silly get     etag: '"6P3CUGH16PK060G4EIEVJLEVF"',
151 silly get     'content-type': 'application/json',
151 silly get     'cache-control': 'max-age=300',
151 silly get     'content-length': '12393',
151 silly get     'accept-ranges': 'bytes',
151 silly get     date: 'Mon, 07 Mar 2016 12:51:36 GMT',
151 silly get     via: '1.1 varnish',
151 silly get     'x-served-by': 'cache-fra1244-FRA',
151 silly get     'x-cache': 'HIT',
151 silly get     'x-cache-hits': '1',
151 silly get     'x-timer': 'S1457355096.992886,VS0,VE0',
151 silly get     vary: 'Accept',
151 silly get     connection: 'Keep-Alive',
151 silly get     age: '8' } ]
152 verbose get saving portscanner to C:\Users\gbs03834\AppData\Roaming\npm-cache\registry.npmjs.org\portscanner\.cache.json
153 verbose correctMkdir C:\Users\gbs03834\AppData\Roaming\npm-cache correctMkdir not in flight; initializing
154 silly resolveWithNewModule opn@4.0.1 checking installable status
155 silly cache add args [ 'opn@^4.0.0', null ]
156 verbose cache add spec opn@^4.0.0
157 silly cache add parsed spec Result {
157 silly cache add   raw: 'opn@^4.0.0',
157 silly cache add   scope: null,
157 silly cache add   name: 'opn',
157 silly cache add   rawSpec: '^4.0.0',
157 silly cache add   spec: '>=4.0.0 <5.0.0',
157 silly cache add   type: 'range' }
158 silly addNamed opn@>=4.0.0 <5.0.0
159 verbose addNamed ">=4.0.0 <5.0.0" is a valid semver range for opn
160 silly addNameRange { name: 'opn', range: '>=4.0.0 <5.0.0', hasData: false }
161 silly mapToRegistry name opn
162 silly mapToRegistry using default registry
163 silly mapToRegistry registry http://registry.npmjs.org/
164 silly mapToRegistry uri http://registry.npmjs.org/opn
165 verbose addNameRange registry:http://registry.npmjs.org/opn not in flight; fetching
166 verbose get http://registry.npmjs.org/opn not expired, no request
167 silly addNameRange number 2 { name: 'opn', range: '>=4.0.0 <5.0.0', hasData: true }
168 silly addNameRange versions [ 'opn',
168 silly addNameRange   [ '0.1.0',
168 silly addNameRange     '0.1.1',
168 silly addNameRange     '0.1.2',
168 silly addNameRange     '1.0.0',
168 silly addNameRange     '1.0.1',
168 silly addNameRange     '1.0.2',
168 silly addNameRange     '2.0.0',
168 silly addNameRange     '2.0.1',
168 silly addNameRange     '3.0.0',
168 silly addNameRange     '3.0.1',
168 silly addNameRange     '3.0.2',
168 silly addNameRange     '3.0.3',
168 silly addNameRange     '4.0.0',
168 silly addNameRange     '4.0.1' ] ]
169 silly addNamed opn@4.0.1
170 verbose addNamed "4.0.1" is a plain semver version for opn
171 silly cache afterAdd opn@4.0.1
172 verbose afterAdd C:\Users\gbs03834\AppData\Roaming\npm-cache\opn\4.0.1\package\package.json not in flight; writing
173 verbose correctMkdir C:\Users\gbs03834\AppData\Roaming\npm-cache correctMkdir not in flight; initializing
174 silly resolveWithNewModule portscanner@1.0.0 checking installable status
175 silly cache add args [ 'portscanner@^1.0.0', null ]
176 verbose cache add spec portscanner@^1.0.0
177 silly cache add parsed spec Result {
177 silly cache add   raw: 'portscanner@^1.0.0',
177 silly cache add   scope: null,
177 silly cache add   name: 'portscanner',
177 silly cache add   rawSpec: '^1.0.0',
177 silly cache add   spec: '>=1.0.0 <2.0.0',
177 silly cache add   type: 'range' }
178 silly addNamed portscanner@>=1.0.0 <2.0.0
179 verbose addNamed ">=1.0.0 <2.0.0" is a valid semver range for portscanner
180 silly addNameRange { name: 'portscanner', range: '>=1.0.0 <2.0.0', hasData: false }
181 silly mapToRegistry name portscanner
182 silly mapToRegistry using default registry
183 silly mapToRegistry registry http://registry.npmjs.org/
184 silly mapToRegistry uri http://registry.npmjs.org/portscanner
185 verbose addNameRange registry:http://registry.npmjs.org/portscanner not in flight; fetching
186 verbose get http://registry.npmjs.org/portscanner not expired, no request
187 silly addNameRange number 2 { name: 'portscanner', range: '>=1.0.0 <2.0.0', hasData: true }
188 silly addNameRange versions [ 'portscanner',
188 silly addNameRange   [ '0.1.0',
188 silly addNameRange     '0.1.1',
188 silly addNameRange     '0.1.2',
188 silly addNameRange     '0.1.3',
188 silly addNameRange     '0.2.0',
188 silly addNameRange     '0.2.1',
188 silly addNameRange     '0.2.2',
188 silly addNameRange     '0.2.3',
188 silly addNameRange     '1.0.0' ] ]
189 silly addNamed portscanner@1.0.0
190 verbose addNamed "1.0.0" is a plain semver version for portscanner
191 verbose afterAdd C:\Users\gbs03834\AppData\Roaming\npm-cache\opn\4.0.1\package\package.json written
192 silly cache afterAdd portscanner@1.0.0
193 verbose afterAdd C:\Users\gbs03834\AppData\Roaming\npm-cache\portscanner\1.0.0\package\package.json not in flight; writing
194 verbose correctMkdir C:\Users\gbs03834\AppData\Roaming\npm-cache correctMkdir not in flight; initializing
195 verbose afterAdd C:\Users\gbs03834\AppData\Roaming\npm-cache\portscanner\1.0.0\package\package.json written
196 http 200 http://registry.npmjs.org/morgan
197 verbose headers { server: 'CouchDB/1.5.0 (Erlang OTP/R16B03)',
197 verbose headers   etag: '"1X44FU12DWOEZDFCTOT690TUZ"',
197 verbose headers   'content-type': 'application/json',
197 verbose headers   'cache-control': 'max-age=300',
197 verbose headers   'content-length': '45491',
197 verbose headers   'accept-ranges': 'bytes',
197 verbose headers   date: 'Mon, 07 Mar 2016 12:51:37 GMT',
197 verbose headers   via: '1.1 varnish',
197 verbose headers   'x-served-by': 'cache-fra1220-FRA',
197 verbose headers   'x-cache': 'HIT',
197 verbose headers   'x-cache-hits': '1',
197 verbose headers   'x-timer': 'S1457355097.215959,VS0,VE0',
197 verbose headers   vary: 'Accept',
197 verbose headers   connection: 'Keep-Alive',
197 verbose headers   age: '69' }
198 silly get cb [ 200,
198 silly get   { server: 'CouchDB/1.5.0 (Erlang OTP/R16B03)',
198 silly get     etag: '"1X44FU12DWOEZDFCTOT690TUZ"',
198 silly get     'content-type': 'application/json',
198 silly get     'cache-control': 'max-age=300',
198 silly get     'content-length': '45491',
198 silly get     'accept-ranges': 'bytes',
198 silly get     date: 'Mon, 07 Mar 2016 12:51:37 GMT',
198 silly get     via: '1.1 varnish',
198 silly get     'x-served-by': 'cache-fra1220-FRA',
198 silly get     'x-cache': 'HIT',
198 silly get     'x-cache-hits': '1',
198 silly get     'x-timer': 'S1457355097.215959,VS0,VE0',
198 silly get     vary: 'Accept',
198 silly get     connection: 'Keep-Alive',
198 silly get     age: '69' } ]
199 verbose get saving morgan to C:\Users\gbs03834\AppData\Roaming\npm-cache\registry.npmjs.org\morgan\.cache.json
200 verbose correctMkdir C:\Users\gbs03834\AppData\Roaming\npm-cache correctMkdir not in flight; initializing
201 silly resolveWithNewModule morgan@1.7.0 checking installable status
202 silly cache add args [ 'morgan@^1.6.1', null ]
203 verbose cache add spec morgan@^1.6.1
204 silly cache add parsed spec Result {
204 silly cache add   raw: 'morgan@^1.6.1',
204 silly cache add   scope: null,
204 silly cache add   name: 'morgan',
204 silly cache add   rawSpec: '^1.6.1',
204 silly cache add   spec: '>=1.6.1 <2.0.0',
204 silly cache add   type: 'range' }
205 silly addNamed morgan@>=1.6.1 <2.0.0
206 verbose addNamed ">=1.6.1 <2.0.0" is a valid semver range for morgan
207 silly addNameRange { name: 'morgan', range: '>=1.6.1 <2.0.0', hasData: false }
208 silly mapToRegistry name morgan
209 silly mapToRegistry using default registry
210 silly mapToRegistry registry http://registry.npmjs.org/
211 silly mapToRegistry uri http://registry.npmjs.org/morgan
212 verbose addNameRange registry:http://registry.npmjs.org/morgan not in flight; fetching
213 verbose get http://registry.npmjs.org/morgan not expired, no request
214 silly addNameRange number 2 { name: 'morgan', range: '>=1.6.1 <2.0.0', hasData: true }
215 silly addNameRange versions [ 'morgan',
215 silly addNameRange   [ '1.0.0',
215 silly addNameRange     '1.0.1',
215 silly addNameRange     '1.1.0',
215 silly addNameRange     '1.1.1',
215 silly addNameRange     '1.2.0',
215 silly addNameRange     '1.2.1',
215 silly addNameRange     '1.2.2',
215 silly addNameRange     '1.2.3',
215 silly addNameRange     '1.3.0',
215 silly addNameRange     '1.3.1',
215 silly addNameRange     '1.3.2',
215 silly addNameRange     '1.4.0',
215 silly addNameRange     '1.4.1',
215 silly addNameRange     '1.5.0',
215 silly addNameRange     '1.5.1',
215 silly addNameRange     '1.5.2',
215 silly addNameRange     '1.5.3',
215 silly addNameRange     '1.6.0',
215 silly addNameRange     '1.6.1',
215 silly addNameRange     '1.7.0' ] ]
216 silly addNamed morgan@1.7.0
217 verbose addNamed "1.7.0" is a plain semver version for morgan
218 silly cache afterAdd morgan@1.7.0
219 verbose afterAdd C:\Users\gbs03834\AppData\Roaming\npm-cache\morgan\1.7.0\package\package.json not in flight; writing
220 verbose correctMkdir C:\Users\gbs03834\AppData\Roaming\npm-cache correctMkdir not in flight; initializing
221 verbose afterAdd C:\Users\gbs03834\AppData\Roaming\npm-cache\morgan\1.7.0\package\package.json written
222 http 200 http://registry.npmjs.org/serve-index
223 verbose headers { server: 'CouchDB/1.5.0 (Erlang OTP/R16B03)',
223 verbose headers   etag: '"6SW6GDY9162HNM4VCG00EZ1I5"',
223 verbose headers   'content-type': 'application/json',
223 verbose headers   'cache-control': 'max-age=300',
223 verbose headers   'content-length': '53906',
223 verbose headers   'accept-ranges': 'bytes',
223 verbose headers   date: 'Mon, 07 Mar 2016 12:51:37 GMT',
223 verbose headers   via: '1.1 varnish',
223 verbose headers   'x-served-by': 'cache-fra1243-FRA',
223 verbose headers   'x-cache': 'HIT',
223 verbose headers   'x-cache-hits': '1',
223 verbose headers   'x-timer': 'S1457355097.214528,VS0,VE0',
223 verbose headers   vary: 'Accept',
223 verbose headers   connection: 'Keep-Alive',
223 verbose headers   age: '69' }
224 silly get cb [ 200,
224 silly get   { server: 'CouchDB/1.5.0 (Erlang OTP/R16B03)',
224 silly get     etag: '"6SW6GDY9162HNM4VCG00EZ1I5"',
224 silly get     'content-type': 'application/json',
224 silly get     'cache-control': 'max-age=300',
224 silly get     'content-length': '53906',
224 silly get     'accept-ranges': 'bytes',
224 silly get     date: 'Mon, 07 Mar 2016 12:51:37 GMT',
224 silly get     via: '1.1 varnish',
224 silly get     'x-served-by': 'cache-fra1243-FRA',
224 silly get     'x-cache': 'HIT',
224 silly get     'x-cache-hits': '1',
224 silly get     'x-timer': 'S1457355097.214528,VS0,VE0',
224 silly get     vary: 'Accept',
224 silly get     connection: 'Keep-Alive',
224 silly get     age: '69' } ]
225 verbose get saving serve-index to C:\Users\gbs03834\AppData\Roaming\npm-cache\registry.npmjs.org\serve-index\.cache.json
226 verbose correctMkdir C:\Users\gbs03834\AppData\Roaming\npm-cache correctMkdir not in flight; initializing
227 silly resolveWithNewModule serve-index@1.7.3 checking installable status
228 silly cache add args [ 'serve-index@^1.7.1', null ]
229 verbose cache add spec serve-index@^1.7.1
230 silly cache add parsed spec Result {
230 silly cache add   raw: 'serve-index@^1.7.1',
230 silly cache add   scope: null,
230 silly cache add   name: 'serve-index',
230 silly cache add   rawSpec: '^1.7.1',
230 silly cache add   spec: '>=1.7.1 <2.0.0',
230 silly cache add   type: 'range' }
231 silly addNamed serve-index@>=1.7.1 <2.0.0
232 verbose addNamed ">=1.7.1 <2.0.0" is a valid semver range for serve-index
233 silly addNameRange { name: 'serve-index', range: '>=1.7.1 <2.0.0', hasData: false }
234 silly mapToRegistry name serve-index
235 silly mapToRegistry using default registry
236 silly mapToRegistry registry http://registry.npmjs.org/
237 silly mapToRegistry uri http://registry.npmjs.org/serve-index
238 verbose addNameRange registry:http://registry.npmjs.org/serve-index not in flight; fetching
239 verbose get http://registry.npmjs.org/serve-index not expired, no request
240 silly addNameRange number 2 { name: 'serve-index', range: '>=1.7.1 <2.0.0', hasData: true }
241 silly addNameRange versions [ 'serve-index',
241 silly addNameRange   [ '1.0.0',
241 silly addNameRange     '1.0.1',
241 silly addNameRange     '1.0.2',
241 silly addNameRange     '1.0.3',
241 silly addNameRange     '1.1.0',
241 silly addNameRange     '1.1.1',
241 silly addNameRange     '1.1.2',
241 silly addNameRange     '1.1.3',
241 silly addNameRange     '1.1.4',
241 silly addNameRange     '1.1.5',
241 silly addNameRange     '1.1.6',
241 silly addNameRange     '1.2.0',
241 silly addNameRange     '1.2.1',
241 silly addNameRange     '1.3.0',
241 silly addNameRange     '1.3.1',
241 silly addNameRange     '1.4.0',
241 silly addNameRange     '1.4.1',
241 silly addNameRange     '1.5.0',
241 silly addNameRange     '1.5.1',
241 silly addNameRange     '1.5.2',
241 silly addNameRange     '1.5.3',
241 silly addNameRange     '1.6.0',
241 silly addNameRange     '1.6.1',
241 silly addNameRange     '1.6.2',
241 silly addNameRange     '1.6.3',
241 silly addNameRange     '1.6.4',
241 silly addNameRange     '1.7.0',
241 silly addNameRange     '1.7.1',
241 silly addNameRange     '1.7.2',
241 silly addNameRange     '1.7.3' ] ]
242 silly addNamed serve-index@1.7.3
243 verbose addNamed "1.7.3" is a plain semver version for serve-index
244 silly cache afterAdd serve-index@1.7.3
245 verbose afterAdd C:\Users\gbs03834\AppData\Roaming\npm-cache\serve-index\1.7.3\package\package.json not in flight; writing
246 verbose correctMkdir C:\Users\gbs03834\AppData\Roaming\npm-cache correctMkdir not in flight; initializing
247 verbose afterAdd C:\Users\gbs03834\AppData\Roaming\npm-cache\serve-index\1.7.3\package\package.json written
248 http 200 http://registry.npmjs.org/serve-static
249 verbose headers { server: 'CouchDB/1.5.0 (Erlang OTP/R16B03)',
249 verbose headers   etag: '"6XGW5B9U6BX4MATCGJBKF00S"',
249 verbose headers   'content-type': 'application/json',
249 verbose headers   'cache-control': 'max-age=300',
249 verbose headers   'content-length': '72736',
249 verbose headers   'accept-ranges': 'bytes',
249 verbose headers   date: 'Mon, 07 Mar 2016 12:51:37 GMT',
249 verbose headers   via: '1.1 varnish',
249 verbose headers   'x-served-by': 'cache-fra1244-FRA',
249 verbose headers   'x-cache': 'HIT',
249 verbose headers   'x-cache-hits': '5',
249 verbose headers   'x-timer': 'S1457355097.214329,VS0,VE0',
249 verbose headers   vary: 'Accept',
249 verbose headers   connection: 'Keep-Alive',
249 verbose headers   age: '161' }
250 silly get cb [ 200,
250 silly get   { server: 'CouchDB/1.5.0 (Erlang OTP/R16B03)',
250 silly get     etag: '"6XGW5B9U6BX4MATCGJBKF00S"',
250 silly get     'content-type': 'application/json',
250 silly get     'cache-control': 'max-age=300',
250 silly get     'content-length': '72736',
250 silly get     'accept-ranges': 'bytes',
250 silly get     date: 'Mon, 07 Mar 2016 12:51:37 GMT',
250 silly get     via: '1.1 varnish',
250 silly get     'x-served-by': 'cache-fra1244-FRA',
250 silly get     'x-cache': 'HIT',
250 silly get     'x-cache-hits': '5',
250 silly get     'x-timer': 'S1457355097.214329,VS0,VE0',
250 silly get     vary: 'Accept',
250 silly get     connection: 'Keep-Alive',
250 silly get     age: '161' } ]
251 verbose get saving serve-static to C:\Users\gbs03834\AppData\Roaming\npm-cache\registry.npmjs.org\serve-static\.cache.json
252 verbose correctMkdir C:\Users\gbs03834\AppData\Roaming\npm-cache correctMkdir not in flight; initializing
253 silly resolveWithNewModule serve-static@1.10.2 checking installable status
254 silly cache add args [ 'serve-static@^1.10.0', null ]
255 verbose cache add spec serve-static@^1.10.0
256 silly cache add parsed spec Result {
256 silly cache add   raw: 'serve-static@^1.10.0',
256 silly cache add   scope: null,
256 silly cache add   name: 'serve-static',
256 silly cache add   rawSpec: '^1.10.0',
256 silly cache add   spec: '>=1.10.0 <2.0.0',
256 silly cache add   type: 'range' }
257 silly addNamed serve-static@>=1.10.0 <2.0.0
258 verbose addNamed ">=1.10.0 <2.0.0" is a valid semver range for serve-static
259 silly addNameRange { name: 'serve-static',
259 silly addNameRange   range: '>=1.10.0 <2.0.0',
259 silly addNameRange   hasData: false }
260 silly mapToRegistry name serve-static
261 silly mapToRegistry using default registry
262 silly mapToRegistry registry http://registry.npmjs.org/
263 silly mapToRegistry uri http://registry.npmjs.org/serve-static
264 verbose addNameRange registry:http://registry.npmjs.org/serve-static not in flight; fetching
265 verbose get http://registry.npmjs.org/serve-static not expired, no request
266 silly addNameRange number 2 { name: 'serve-static', range: '>=1.10.0 <2.0.0', hasData: true }
267 silly addNameRange versions [ 'serve-static',
267 silly addNameRange   [ '1.0.0',
267 silly addNameRange     '1.0.1',
267 silly addNameRange     '1.0.2',
267 silly addNameRange     '1.0.3',
267 silly addNameRange     '1.0.4',
267 silly addNameRange     '1.1.0',
267 silly addNameRange     '1.2.0',
267 silly addNameRange     '1.2.1',
267 silly addNameRange     '1.2.2',
267 silly addNameRange     '1.2.3',
267 silly addNameRange     '1.3.0',
267 silly addNameRange     '1.3.1',
267 silly addNameRange     '1.3.2',
267 silly addNameRange     '1.4.0',
267 silly addNameRange     '1.4.1',
267 silly addNameRange     '1.4.2',
267 silly addNameRange     '1.4.3',
267 silly addNameRange     '1.4.4',
267 silly addNameRange     '1.5.0',
267 silly addNameRange     '1.5.1',
267 silly addNameRange     '1.5.2',
267 silly addNameRange     '1.5.3',
267 silly addNameRange     '1.5.4',
267 silly addNameRange     '1.6.0',
267 silly addNameRange     '1.6.1',
267 silly addNameRange     '1.6.2',
267 silly addNameRange     '1.6.3',
267 silly addNameRange     '1.6.4',
267 silly addNameRange     '1.7.0',
267 silly addNameRange     '1.7.1',
267 silly addNameRange     '1.7.2',
267 silly addNameRange     '1.8.0',
267 silly addNameRange     '1.8.1',
267 silly addNameRange     '1.6.5',
267 silly addNameRange     '1.9.0',
267 silly addNameRange     '1.9.1',
267 silly addNameRange     '1.9.2',
267 silly addNameRange     '1.9.3',
267 silly addNameRange     '1.10.0',
267 silly addNameRange     '1.10.1',
267 silly addNameRange     '1.10.2' ] ]
268 silly addNamed serve-static@1.10.2
269 verbose addNamed "1.10.2" is a plain semver version for serve-static
270 silly cache afterAdd serve-static@1.10.2
271 verbose afterAdd C:\Users\gbs03834\AppData\Roaming\npm-cache\serve-static\1.10.2\package\package.json not in flight; writing
272 verbose correctMkdir C:\Users\gbs03834\AppData\Roaming\npm-cache correctMkdir not in flight; initializing
273 verbose afterAdd C:\Users\gbs03834\AppData\Roaming\npm-cache\serve-static\1.10.2\package\package.json written
274 http 200 http://registry.npmjs.org/async
275 verbose headers { server: 'CouchDB/1.5.0 (Erlang OTP/R16B03)',
275 verbose headers   etag: '"CZOZO8IXDC5VVIA5WE3XC841N"',
275 verbose headers   'content-type': 'application/json',
275 verbose headers   'cache-control': 'max-age=300',
275 verbose headers   'content-length': '140932',
275 verbose headers   'accept-ranges': 'bytes',
275 verbose headers   date: 'Mon, 07 Mar 2016 12:51:37 GMT',
275 verbose headers   via: '1.1 varnish',
275 verbose headers   'x-served-by': 'cache-fra1247-FRA',
275 verbose headers   'x-cache': 'HIT',
275 verbose headers   'x-cache-hits': '3',
275 verbose headers   'x-timer': 'S1457355097.215802,VS0,VE0',
275 verbose headers   vary: 'Accept',
275 verbose headers   connection: 'Keep-Alive',
275 verbose headers   age: '10' }
276 silly get cb [ 200,
276 silly get   { server: 'CouchDB/1.5.0 (Erlang OTP/R16B03)',
276 silly get     etag: '"CZOZO8IXDC5VVIA5WE3XC841N"',
276 silly get     'content-type': 'application/json',
276 silly get     'cache-control': 'max-age=300',
276 silly get     'content-length': '140932',
276 silly get     'accept-ranges': 'bytes',
276 silly get     date: 'Mon, 07 Mar 2016 12:51:37 GMT',
276 silly get     via: '1.1 varnish',
276 silly get     'x-served-by': 'cache-fra1247-FRA',
276 silly get     'x-cache': 'HIT',
276 silly get     'x-cache-hits': '3',
276 silly get     'x-timer': 'S1457355097.215802,VS0,VE0',
276 silly get     vary: 'Accept',
276 silly get     connection: 'Keep-Alive',
276 silly get     age: '10' } ]
277 verbose get saving async to C:\Users\gbs03834\AppData\Roaming\npm-cache\registry.npmjs.org\async\.cache.json
278 verbose correctMkdir C:\Users\gbs03834\AppData\Roaming\npm-cache correctMkdir not in flight; initializing
279 silly resolveWithNewModule async@1.5.2 checking installable status
280 silly cache add args [ 'async@^1.5.2', null ]
281 verbose cache add spec async@^1.5.2
282 silly cache add parsed spec Result {
282 silly cache add   raw: 'async@^1.5.2',
282 silly cache add   scope: null,
282 silly cache add   name: 'async',
282 silly cache add   rawSpec: '^1.5.2',
282 silly cache add   spec: '>=1.5.2 <2.0.0',
282 silly cache add   type: 'range' }
283 silly addNamed async@>=1.5.2 <2.0.0
284 verbose addNamed ">=1.5.2 <2.0.0" is a valid semver range for async
285 silly addNameRange { name: 'async', range: '>=1.5.2 <2.0.0', hasData: false }
286 silly mapToRegistry name async
287 silly mapToRegistry using default registry
288 silly mapToRegistry registry http://registry.npmjs.org/
289 silly mapToRegistry uri http://registry.npmjs.org/async
290 verbose addNameRange registry:http://registry.npmjs.org/async not in flight; fetching
291 verbose get http://registry.npmjs.org/async not expired, no request
292 silly addNameRange number 2 { name: 'async', range: '>=1.5.2 <2.0.0', hasData: true }
293 silly addNameRange versions [ 'async',
293 silly addNameRange   [ '0.1.0',
293 silly addNameRange     '0.1.1',
293 silly addNameRange     '0.1.2',
293 silly addNameRange     '0.1.3',
293 silly addNameRange     '0.1.4',
293 silly addNameRange     '0.1.5',
293 silly addNameRange     '0.1.6',
293 silly addNameRange     '0.1.7',
293 silly addNameRange     '0.1.8',
293 silly addNameRange     '0.1.9',
293 silly addNameRange     '0.1.10',
293 silly addNameRange     '0.1.11',
293 silly addNameRange     '0.1.12',
293 silly addNameRange     '0.1.13',
293 silly addNameRange     '0.1.14',
293 silly addNameRange     '0.1.15',
293 silly addNameRange     '0.1.16',
293 silly addNameRange     '0.1.17',
293 silly addNameRange     '0.1.18',
293 silly addNameRange     '0.1.19',
293 silly addNameRange     '0.1.20',
293 silly addNameRange     '0.1.21',
293 silly addNameRange     '0.1.22',
293 silly addNameRange     '0.2.0',
293 silly addNameRange     '0.2.1',
293 silly addNameRange     '0.2.2',
293 silly addNameRange     '0.2.3',
293 silly addNameRange     '0.2.4',
293 silly addNameRange     '0.2.5',
293 silly addNameRange     '0.2.6',
293 silly addNameRange     '0.2.7',
293 silly addNameRange     '0.2.8',
293 silly addNameRange     '0.2.9',
293 silly addNameRange     '0.2.10',
293 silly addNameRange     '0.3.0',
293 silly addNameRange     '0.4.0',
293 silly addNameRange     '0.4.1',
293 silly addNameRange     '0.5.0',
293 silly addNameRange     '0.6.0',
293 silly addNameRange     '0.6.1',
293 silly addNameRange     '0.6.2',
293 silly addNameRange     '0.7.0',
293 silly addNameRange     '0.8.0',
293 silly addNameRange     '0.9.0',
293 silly addNameRange     '0.9.2',
293 silly addNameRange     '1.0.0',
293 silly addNameRange     '1.1.0',
293 silly addNameRange     '1.2.0',
293 silly addNameRange     '1.1.1',
293 silly addNameRange     '1.2.1',
293 silly addNameRange     '1.3.0',
293 silly addNameRange     '1.4.0',
293 silly addNameRange     '1.4.1',
293 silly addNameRange     '1.4.2',
293 silly addNameRange     '1.5.0',
293 silly addNameRange     '1.5.1',
293 silly addNameRange     '1.5.2' ] ]
294 silly addNamed async@1.5.2
295 verbose addNamed "1.5.2" is a plain semver version for async
296 silly cache afterAdd async@1.5.2
297 verbose afterAdd C:\Users\gbs03834\AppData\Roaming\npm-cache\async\1.5.2\package\package.json not in flight; writing
298 verbose correctMkdir C:\Users\gbs03834\AppData\Roaming\npm-cache correctMkdir not in flight; initializing
299 verbose afterAdd C:\Users\gbs03834\AppData\Roaming\npm-cache\async\1.5.2\package\package.json written
300 http 200 http://registry.npmjs.org/connect
301 verbose headers { server: 'CouchDB/1.5.0 (Erlang OTP/R16B03)',
301 verbose headers   etag: '"9U3MOXDFPCQ6320D3H8NAC6WX"',
301 verbose headers   'content-type': 'application/json',
301 verbose headers   'cache-control': 'max-age=300',
301 verbose headers   'content-length': '334202',
301 verbose headers   'accept-ranges': 'bytes',
301 verbose headers   date: 'Mon, 07 Mar 2016 12:51:37 GMT',
301 verbose headers   via: '1.1 varnish',
301 verbose headers   'x-served-by': 'cache-fra1225-FRA',
301 verbose headers   'x-cache': 'HIT',
301 verbose headers   'x-cache-hits': '10',
301 verbose headers   'x-timer': 'S1457355097.215959,VS0,VE0',
301 verbose headers   vary: 'Accept',
301 verbose headers   connection: 'Keep-Alive',
301 verbose headers   age: '114' }
302 silly get cb [ 200,
302 silly get   { server: 'CouchDB/1.5.0 (Erlang OTP/R16B03)',
302 silly get     etag: '"9U3MOXDFPCQ6320D3H8NAC6WX"',
302 silly get     'content-type': 'application/json',
302 silly get     'cache-control': 'max-age=300',
302 silly get     'content-length': '334202',
302 silly get     'accept-ranges': 'bytes',
302 silly get     date: 'Mon, 07 Mar 2016 12:51:37 GMT',
302 silly get     via: '1.1 varnish',
302 silly get     'x-served-by': 'cache-fra1225-FRA',
302 silly get     'x-cache': 'HIT',
302 silly get     'x-cache-hits': '10',
302 silly get     'x-timer': 'S1457355097.215959,VS0,VE0',
302 silly get     vary: 'Accept',
302 silly get     connection: 'Keep-Alive',
302 silly get     age: '114' } ]
303 verbose get saving connect to C:\Users\gbs03834\AppData\Roaming\npm-cache\registry.npmjs.org\connect\.cache.json
304 verbose correctMkdir C:\Users\gbs03834\AppData\Roaming\npm-cache correctMkdir not in flight; initializing
305 silly resolveWithNewModule connect@3.4.1 checking installable status
306 silly cache add args [ 'connect@^3.4.0', null ]
307 verbose cache add spec connect@^3.4.0
308 silly cache add parsed spec Result {
308 silly cache add   raw: 'connect@^3.4.0',
308 silly cache add   scope: null,
308 silly cache add   name: 'connect',
308 silly cache add   rawSpec: '^3.4.0',
308 silly cache add   spec: '>=3.4.0 <4.0.0',
308 silly cache add   type: 'range' }
309 silly addNamed connect@>=3.4.0 <4.0.0
310 verbose addNamed ">=3.4.0 <4.0.0" is a valid semver range for connect
311 silly addNameRange { name: 'connect', range: '>=3.4.0 <4.0.0', hasData: false }
312 silly mapToRegistry name connect
313 silly mapToRegistry using default registry
314 silly mapToRegistry registry http://registry.npmjs.org/
315 silly mapToRegistry uri http://registry.npmjs.org/connect
316 verbose addNameRange registry:http://registry.npmjs.org/connect not in flight; fetching
317 verbose get http://registry.npmjs.org/connect not expired, no request
318 silly addNameRange number 2 { name: 'connect', range: '>=3.4.0 <4.0.0', hasData: true }
319 silly addNameRange versions [ 'connect',
319 silly addNameRange   [ '0.0.1',
319 silly addNameRange     '0.0.2',
319 silly addNameRange     '0.0.3',
319 silly addNameRange     '0.0.4',
319 silly addNameRange     '0.0.5',
319 silly addNameRange     '0.0.6',
319 silly addNameRange     '0.1.0',
319 silly addNameRange     '0.2.0',
319 silly addNameRange     '0.2.1',
319 silly addNameRange     '0.2.2',
319 silly addNameRange     '0.2.3',
319 silly addNameRange     '0.2.4',
319 silly addNameRange     '0.2.5',
319 silly addNameRange     '0.2.6',
319 silly addNameRange     '0.2.7',
319 silly addNameRange     '0.3.0',
319 silly addNameRange     '0.4.0',
319 silly addNameRange     '0.5.0',
319 silly addNameRange     '0.5.1',
319 silly addNameRange     '0.5.2',
319 silly addNameRange     '0.5.3',
319 silly addNameRange     '0.5.4',
319 silly addNameRange     '0.5.5',
319 silly addNameRange     '0.5.6',
319 silly addNameRange     '0.5.7',
319 silly addNameRange     '0.5.8',
319 silly addNameRange     '0.5.9',
319 silly addNameRange     '0.5.10',
319 silly addNameRange     '1.0.0',
319 silly addNameRange     '1.0.1',
319 silly addNameRange     '1.0.2',
319 silly addNameRange     '1.0.3',
319 silly addNameRange     '1.0.4',
319 silly addNameRange     '1.0.5',
319 silly addNameRange     '1.0.6',
319 silly addNameRange     '1.1.0',
319 silly addNameRange     '1.1.1',
319 silly addNameRange     '1.1.2',
319 silly addNameRange     '1.1.3',
319 silly addNameRange     '1.1.4',
319 silly addNameRange     '1.1.5',
319 silly addNameRange     '1.2.0',
319 silly addNameRange     '1.2.1',
319 silly addNameRange     '1.2.2',
319 silly addNameRange     '1.2.3',
319 silly addNameRange     '1.3.0',
319 silly addNameRange     '1.4.0',
319 silly addNameRange     '1.4.1',
319 silly addNameRange     '1.4.2',
319 silly addNameRange     '1.4.3',
319 silly addNameRange     '1.4.4',
319 silly addNameRange     '1.4.5',
319 silly addNameRange     '1.4.6',
319 silly addNameRange     '1.5.0',
319 silly addNameRange     '1.5.1',
319 silly addNameRange     '1.5.2',
319 silly addNameRange     '1.6.0',
319 silly addNameRange     '1.6.1',
319 silly addNameRange     '1.6.2',
319 silly addNameRange     '1.6.3',
319 silly addNameRange     '1.6.4',
319 silly addNameRange     '1.7.0',
319 silly addNameRange     '1.7.1',
319 silly addNameRange     '1.7.2',
319 silly addNameRange     '1.7.3',
319 silly addNameRange     '1.8.0',
319 silly addNameRange     '1.8.1',
319 silly addNameRange     '1.8.2',
319 silly addNameRange     '1.8.3',
319 silly addNameRange     '1.8.4',
319 silly addNameRange     '1.8.5',
319 silly addNameRange     '2.0.0',
319 silly addNameRange     '2.0.1',
319 silly addNameRange     '2.0.2',
319 silly addNameRange     '2.0.3',
319 silly addNameRange     '1.8.6',
319 silly addNameRange     '2.1.0',
319 silly addNameRange     '2.1.1',
319 silly addNameRange     '2.1.2',
319 silly addNameRange     '1.8.7',
319 silly addNameRange     '2.1.3',
319 silly addNameRange     '2.2.0',
319 silly addNameRange     '2.2.1',
319 silly addNameRange     '2.2.2',
319 silly addNameRange     '2.3.0',
319 silly addNameRange     '2.3.1',
319 silly addNameRange     '2.3.2',
319 silly addNameRange     '2.3.3',
319 silly addNameRange     '1.9.0',
319 silly addNameRange     '1.9.1',
319 silly addNameRange     '2.3.4',
319 silly addNameRange     '2.3.5',
319 silly addNameRange     '2.3.6',
319 silly addNameRange     '2.3.7',
319 silly addNameRange     '1.9.2',
319 silly addNameRange     '2.3.8',
319 silly addNameRange     '2.3.9',
319 silly addNameRange     '2.4.0',
319 silly addNameRange     '2.4.1',
319 silly addNameRange     '2.4.2',
319 silly addNameRange     '2.4.3',
319 silly addNameRange     '2.4.4',
319 silly addNameRange     '2.4.5',
319 silly addNameRange     '2.4.6',
319 silly addNameRange     '2.5.0',
319 silly addNameRange     '2.6.0',
319 silly addNameRange     '2.6.1',
319 silly addNameRange     '2.6.2',
319 silly addNameRange     '2.7.0',
319 silly addNameRange     '2.7.1',
319 silly addNameRange     '2.7.2',
319 silly addNameRange     '2.7.3',
319 silly addNameRange     '2.7.4',
319 silly addNameRange     '2.7.5',
319 silly addNameRange     '2.7.6',
319 silly addNameRange     '2.7.7',
319 silly addNameRange     '2.7.8',
319 silly addNameRange     '2.7.9',
319 silly addNameRange     '2.7.10',
319 silly addNameRange     '2.7.11',
319 silly addNameRange     '2.8.0',
319 silly addNameRange     '2.8.1',
319 silly addNameRange     '2.8.2',
319 silly addNameRange     '2.8.3',
319 silly addNameRange     '2.8.4',
319 silly addNameRange     '2.8.5',
319 silly addNameRange     '2.8.6',
319 silly addNameRange     '2.8.7',
319 silly addNameRange     '2.8.8',
319 silly addNameRange     '2.9.0',
319 silly addNameRange     '2.9.1',
319 silly addNameRange     '2.9.2',
319 silly addNameRange     '2.10.0',
319 silly addNameRange     '2.10.1',
319 silly addNameRange     '2.11.0',
319 silly addNameRange     '2.11.1',
319 silly addNameRange     '2.11.2',
319 silly addNameRange     '2.12.0',
319 silly addNameRange     '2.13.0',
319 silly addNameRange     '2.13.1',
319 silly addNameRange     '2.14.0',
319 silly addNameRange     '2.14.1',
319 silly addNameRange     '3.0.0-rc.1',
319 silly addNameRange     '2.14.2',
319 silly addNameRange     '2.14.3',
319 silly addNameRange     '2.14.4',
319 silly addNameRange     '2.14.5',
319 silly addNameRange     '2.15.0',
319 silly addNameRange     '3.0.0-rc.2',
319 silly addNameRange     '2.16.0',
319 silly addNameRange     '2.16.1',
319 silly addNameRange     '2.16.2',
319 silly addNameRange     '2.17.0',
319 silly addNameRange     '2.17.1',
319 silly addNameRange     '2.17.2',
319 silly addNameRange     '2.17.3',
319 silly addNameRange     '2.18.0',
319 silly addNameRange     '3.0.0',
319 silly addNameRange     '2.19.0',
319 silly addNameRange     '2.19.1',
319 silly addNameRange     '2.19.2',
319 silly addNameRange     '2.19.3',
319 silly addNameRange     '2.19.4',
319 silly addNameRange     '2.19.5',
319 silly addNameRange     '2.19.6',
319 silly addNameRange     '2.20.0',
319 silly addNameRange     '2.20.1',
319 silly addNameRange     '2.20.2',
319 silly addNameRange     '3.0.1',
319 silly addNameRange     '2.21.0',
319 silly addNameRange     '2.21.1',
319 silly addNameRange     '2.22.0',
319 silly addNameRange     '2.23.0',
319 silly addNameRange     '3.0.2',
319 silly addNameRange     '2.24.0',
319 silly addNameRange     '3.1.0',
319 silly addNameRange     '2.24.1',
319 silly addNameRange     '2.24.2',
319 silly addNameRange     '2.24.3',
319 silly addNameRange     '2.25.0',
319 silly addNameRange     '2.25.1',
319 silly addNameRange     '2.25.2',
319 silly addNameRange     '2.25.3',
319 silly addNameRange     '2.25.4',
319 silly addNameRange     '3.1.1',
319 silly addNameRange     '2.25.5',
319 silly addNameRange     '2.25.6',
319 silly addNameRange     '2.25.7',
319 silly addNameRange     '2.25.8',
319 silly addNameRange     '2.25.9',
319 silly addNameRange     '2.25.10',
319 silly addNameRange     '2.26.0',
319 silly addNameRange     '3.2.0',
319 silly addNameRange     '2.26.1',
319 silly addNameRange     '2.26.2',
319 silly addNameRange     '2.26.3',
319 silly addNameRange     '2.26.4',
319 silly addNameRange     '2.26.5',
319 silly addNameRange     '2.26.6',
319 silly addNameRange     '2.27.0',
319 silly addNameRange     '3.3.0',
319 silly addNameRange     '2.27.1',
319 silly addNameRange     '3.3.1',
319 silly addNameRange     '2.27.2',
319 silly addNameRange     '3.3.2',
319 silly addNameRange     '2.27.3',
319 silly addNameRange     '3.3.3',
319 silly addNameRange     '2.27.4',
319 silly addNameRange     '2.27.5',
319 silly addNameRange     '2.27.6',
319 silly addNameRange     '2.28.0',
319 silly addNameRange     '3.3.4',
319 silly addNameRange     '2.28.1',
319 silly addNameRange     '2.28.2',
319 silly addNameRange     '2.28.3',
319 silly addNameRange     '2.29.0',
319 silly addNameRange     '2.29.1',
319 silly addNameRange     '3.3.5',
319 silly addNameRange     '2.29.2',
319 silly addNameRange     '2.30.0',
319 silly addNameRange     '3.4.0',
319 silly addNameRange     '2.30.1',
319 silly addNameRange     '2.30.2',
319 silly addNameRange     '3.4.1' ] ]
320 silly addNamed connect@3.4.1
321 verbose addNamed "3.4.1" is a plain semver version for connect
322 silly cache afterAdd connect@3.4.1
323 verbose afterAdd C:\Users\gbs03834\AppData\Roaming\npm-cache\connect\3.4.1\package\package.json not in flight; writing
324 verbose correctMkdir C:\Users\gbs03834\AppData\Roaming\npm-cache correctMkdir not in flight; initializing
325 verbose afterAdd C:\Users\gbs03834\AppData\Roaming\npm-cache\connect\3.4.1\package\package.json written
326 silly rollbackFailedOptional Starting
327 silly rollbackFailedOptional Finishing
328 silly runTopLevelLifecycles Starting
329 silly runTopLevelLifecycles Finishing
330 silly install printInstalled
331 verbose stack Error: not found: git
331 verbose stack     at F (C:\Program Files\NodeJs\node_modules\npm\node_modules\which\which.js:78:19)
331 verbose stack     at E (C:\Program Files\NodeJs\node_modules\npm\node_modules\which\which.js:87:29)
331 verbose stack     at C:\Program Files\NodeJs\node_modules\npm\node_modules\which\which.js:98:16
331 verbose stack     at FSReqWrap.oncomplete (fs.js:82:15)
332 verbose cwd D:\workspace\acoldashboard\grunt
333 error Windows_NT 6.1.7601
334 error argv "C:\\Program Files\\NodeJs\\node.exe" "C:\\Program Files\\NodeJs\\node_modules\\npm\\bin\\npm-cli.js" "install" "grunt-contrib-connect" "--save"
335 error node v5.7.1
336 error npm  v3.6.0
337 error code ENOGIT
338 error not found: git
339 error Failed using git.
339 error This is most likely not a problem with npm itself.
339 error Please check if you have git installed and in your PATH.
340 verbose exit [ 1, true ]
